[INFO] Scanning for projects...
[INFO] 
[INFO] -----------------------< com.nodo:reto-tecnico >------------------------
[INFO] Building reto-tecnico 0.0.1-SNAPSHOT
[INFO]   from pom.xml
[INFO] --------------------------------[ jar ]---------------------------------
[INFO] 
[INFO] >>> spring-boot:3.3.0:run (default-cli) > test-compile @ reto-tecnico >>>
[INFO] 
[INFO] --- resources:3.3.1:resources (default-resources) @ reto-tecnico ---
[INFO] Copying 1 resource from src/main/resources to target/classes
[INFO] Copying 0 resource from src/main/resources to target/classes
[INFO] 
[INFO] --- compiler:3.13.0:compile (default-compile) @ reto-tecnico ---
[INFO] Nothing to compile - all classes are up to date.
[INFO] 
[INFO] --- resources:3.3.1:testResources (default-testResources) @ reto-tecnico ---
[INFO] skip non existing resourceDirectory /Users/davidrodriguez/Desktop/Ayuda angela/NODOS-Reto-Tecnico/src/test/resources
[INFO] 
[INFO] --- compiler:3.13.0:testCompile (default-testCompile) @ reto-tecnico ---
[INFO] Nothing to compile - all classes are up to date.
[INFO] 
[INFO] <<< spring-boot:3.3.0:run (default-cli) < test-compile @ reto-tecnico <<<
[INFO] 
[INFO] 
[INFO] --- spring-boot:3.3.0:run (default-cli) @ reto-tecnico ---
[INFO] Attaching agents: []
  .   ____          _            __ _ _
 /\\ / ___'_ __ _ _(_)_ __  __ _ \ \ \ \
( ( )\___ | '_ | '_| | '_ \/ _` | \ \ \ \
 \\/  ___)| |_)| | | | | || (_| |  ) ) ) )
  '  |____| .__|_| |_|_| |_\__, | / / / /
 =========|_|==============|___/=/_/_/_/

 :: Spring Boot ::                (v3.3.0)

2026-03-17T14:47:32.302-05:00  INFO 29488 --- [reto-tecenico] [           main] c.n.retotecnico.RetoTecnicoApplication   : Starting RetoTecnicoApplication using Java 17.0.12 with PID 29488 (/Users/davidrodriguez/Desktop/Ayuda angela/NODOS-Reto-Tecnico/target/classes started by davidrodriguez in /Users/davidrodriguez/Desktop/Ayuda angela/NODOS-Reto-Tecnico)
2026-03-17T14:47:32.305-05:00  INFO 29488 --- [reto-tecenico] [           main] c.n.retotecnico.RetoTecnicoApplication   : No active profile set, falling back to 1 default profile: "default"
2026-03-17T14:47:33.082-05:00  INFO 29488 --- [reto-tecenico] [           main] .s.d.r.c.RepositoryConfigurationDelegate : Bootstrapping Spring Data JPA repositories in DEFAULT mode.
2026-03-17T14:47:33.135-05:00  INFO 29488 --- [reto-tecenico] [           main] .s.d.r.c.RepositoryConfigurationDelegate : Finished Spring Data repository scanning in 46 ms. Found 5 JPA repository interfaces.
2026-03-17T14:47:33.584-05:00  INFO 29488 --- [reto-tecenico] [           main] o.s.b.w.embedded.tomcat.TomcatWebServer  : Tomcat initialized with port 8081 (http)
2026-03-17T14:47:33.594-05:00  INFO 29488 --- [reto-tecenico] [           main] o.apache.catalina.core.StandardService   : Starting service [Tomcat]
2026-03-17T14:47:33.594-05:00  INFO 29488 --- [reto-tecenico] [           main] o.apache.catalina.core.StandardEngine    : Starting Servlet engine: [Apache Tomcat/10.1.24]
2026-03-17T14:47:33.639-05:00  INFO 29488 --- [reto-tecenico] [           main] o.a.c.c.C.[Tomcat].[localhost].[/]       : Initializing Spring embedded WebApplicationContext
2026-03-17T14:47:33.640-05:00  INFO 29488 --- [reto-tecenico] [           main] w.s.c.ServletWebServerApplicationContext : Root WebApplicationContext: initialization completed in 1298 ms
2026-03-17T14:47:33.755-05:00  INFO 29488 --- [reto-tecenico] [           main] o.hibernate.jpa.internal.util.LogHelper  : HHH000204: Processing PersistenceUnitInfo [name: default]
2026-03-17T14:47:33.807-05:00  INFO 29488 --- [reto-tecenico] [           main] org.hibernate.Version                    : HHH000412: Hibernate ORM core version 6.5.2.Final
2026-03-17T14:47:33.831-05:00  INFO 29488 --- [reto-tecenico] [           main] o.h.c.internal.RegionFactoryInitiator    : HHH000026: Second-level cache disabled
2026-03-17T14:47:34.031-05:00  INFO 29488 --- [reto-tecenico] [           main] o.s.o.j.p.SpringPersistenceUnitInfo      : No LoadTimeWeaver setup: ignoring JPA class transformer
2026-03-17T14:47:34.052-05:00  INFO 29488 --- [reto-tecenico] [           main] com.zaxxer.hikari.HikariDataSource       : HikariPool-1 - Starting...
2026-03-17T14:47:34.168-05:00  INFO 29488 --- [reto-tecenico] [           main] com.zaxxer.hikari.pool.HikariPool        : HikariPool-1 - Added connection org.postgresql.jdbc.PgConnection@29b5533
2026-03-17T14:47:34.169-05:00  INFO 29488 --- [reto-tecenico] [           main] com.zaxxer.hikari.HikariDataSource       : HikariPool-1 - Start completed.
2026-03-17T14:47:34.984-05:00  INFO 29488 --- [reto-tecenico] [           main] o.h.e.t.j.p.i.JtaPlatformInitiator       : HHH000489: No JTA platform available (set 'hibernate.transaction.jta.platform' to enable JTA platform integration)
Hibernate: alter table if exists reto.contents alter column description set data type TEXT
2026-03-17T14:47:35.092-05:00  INFO 29488 --- [reto-tecenico] [           main] j.LocalContainerEntityManagerFactoryBean : Initialized JPA EntityManagerFactory for persistence unit 'default'
2026-03-17T14:47:35.389-05:00  WARN 29488 --- [reto-tecenico] [           main] JpaBaseConfiguration$JpaWebConfiguration : spring.jpa.open-in-view is enabled by default. Therefore, database queries may be performed during view rendering. Explicitly configure spring.jpa.open-in-view to disable this warning
2026-03-17T14:47:35.680-05:00  INFO 29488 --- [reto-tecenico] [           main] o.s.s.web.DefaultSecurityFilterChain     : Will secure any request with [org.springframework.security.web.session.DisableEncodeUrlFilter@723081a2, org.springframework.security.web.context.request.async.WebAsyncManagerIntegrationFilter@481f698f, org.springframework.security.web.context.SecurityContextHolderFilter@40f77135, org.springframework.security.web.header.HeaderWriterFilter@25fc2b8f, org.springframework.web.filter.CorsFilter@41ae9f11, org.springframework.security.web.authentication.logout.LogoutFilter@5cf39df6, org.springframework.security.oauth2.client.web.OAuth2AuthorizationRequestRedirectFilter@1a3e8b68, org.springframework.security.oauth2.client.web.OAuth2LoginAuthenticationFilter@538d2308, org.springframework.security.web.authentication.ui.DefaultLoginPageGeneratingFilter@471d6571, org.springframework.security.web.authentication.ui.DefaultLogoutPageGeneratingFilter@45a40353, org.springframework.security.web.savedrequest.RequestCacheAwareFilter@5bbf3869, org.springframework.security.web.servletapi.SecurityContextHolderAwareRequestFilter@1f5a1ad4, org.springframework.security.web.authentication.AnonymousAuthenticationFilter@33efa7d4, org.springframework.security.web.access.ExceptionTranslationFilter@3203a4ae, org.springframework.security.web.access.intercept.AuthorizationFilter@2da8ed80]
2026-03-17T14:47:35.836-05:00  INFO 29488 --- [reto-tecenico] [           main] o.s.b.w.embedded.tomcat.TomcatWebServer  : Tomcat started on port 8081 (http) with context path '/'
2026-03-17T14:47:35.844-05:00  INFO 29488 --- [reto-tecenico] [           main] c.n.retotecnico.RetoTecnicoApplication   : Started RetoTecnicoApplication in 3.897 seconds (process running for 4.186)
2026-03-17T14:48:00.163-05:00  INFO 29488 --- [reto-tecenico] [nio-8081-exec-1] o.a.c.c.C.[Tomcat].[localhost].[/]       : Initializing Spring DispatcherServlet 'dispatcherServlet'
2026-03-17T14:48:00.164-05:00  INFO 29488 --- [reto-tecenico] [nio-8081-exec-1] o.s.web.servlet.DispatcherServlet        : Initializing Servlet 'dispatcherServlet'
2026-03-17T14:48:00.177-05:00  INFO 29488 --- [reto-tecenico] [nio-8081-exec-1] o.s.web.servlet.DispatcherServlet        : Completed initialization in 13 ms
2026-03-17T14:54:08.626-05:00  INFO 29488 --- [reto-tecenico] [ionShutdownHook] j.LocalContainerEntityManagerFactoryBean : Closing JPA EntityManagerFactory for persistence unit 'default'
2026-03-17T14:54:08.718-05:00  INFO 29488 --- [reto-tecenico] [ionShutdownHook] com.zaxxer.hikari.HikariDataSource       : HikariPool-1 - Shutdown initiated...
2026-03-17T14:54:08.738-05:00  INFO 29488 --- [reto-tecenico] [ionShutdownHook] com.zaxxer.hikari.HikariDataSource       : HikariPool-1 - Shutdown completed.
[INFO] ------------------------------------------------------------------------
[INFO] BUILD FAILURE
[INFO] ------------------------------------------------------------------------
[INFO] Total time:  06:39 min
[INFO] Finished at: 2026-03-17T14:54:09-05:00
[INFO] ------------------------------------------------------------------------
[ERROR] Failed to execute goal org.springframework.boot:spring-boot-maven-plugin:3.3.0:run (default-cli) on project reto-tecnico: Process terminated with exit code: 143 -> [Help 1]
[ERROR] 
[ERROR] To see the full stack trace of the errors, re-run Maven with the -e switch.
[ERROR] Re-run Maven using the -X switch to enable full debug logging.
[ERROR] 
[ERROR] For more information about the errors and possible solutions, please read the following articles:
[ERROR] [Help 1] http://cwiki.apache.org/confluence/display/MAVEN/MojoExecutionException
